# JRE version: Java(TM) SE Runtime Environment (21.0.6+8) (build 21.0.6+8-LTS-188)
# Java VM: Java HotSpot(TM) 64-Bit Server VM (21.0.6+8-LTS-188, mixed mode, sharing, tiered, compressed oops, compressed class ptrs, g1 gc, windows-amd64)
GC Precious Log:
 CardTable entry size: 512
 Card Set container configuration: InlinePtr #cards 5 size 8 Array Of Cards #cards 12 size 40 Howl #buckets 4 coarsen threshold 1843 Howl Bitmap #cards 512 size 80 coarsen threshold 460 Card regions per heap region 1 cards per card region 2048
 CPUs: 8 total, 8 available
 Memory: 8042M
 Large Page Support: Disabled
 NUMA Support: Disabled
 Compressed Oops: Enabled (32-bit)
 Heap Region Size: 1M
 Heap Min Capacity: 8M
 Heap Initial Capacity: 126M
 Heap Max Capacity: 2012M
 Pre-touch: Disabled
 Parallel Workers: 8
 Concurrent Workers: 2
 Concurrent Refinement Workers: 8
 Periodic GC: Disabled
Heap:
 garbage-first heap   total 104448K, used 66344K [0x0000000082400000, 0x0000000100000000)
  region size 1024K, 30 young (30720K), 1 survivors (1024K)
 Metaspace       used 93810K, committed 94848K, reserved 1179648K
  class space    used 12425K, committed 12992K, reserved 1048576K
GC Heap History (20 events):
Event: 3717.673 GC heap before
{Heap before GC invocations=122 (full 0):
 garbage-first heap   total 104448K, used 95844K [0x0000000082400000, 0x0000000100000000)
  region size 1024K, 58 young (59392K), 1 survivors (1024K)
 Metaspace       used 93744K, committed 94848K, reserved 1179648K
  class space    used 12422K, committed 12992K, reserved 1048576K
}
Event: 3717.675 GC heap after
{Heap after GC invocations=123 (full 0):
 garbage-first heap   total 104448K, used 37490K [0x0000000082400000, 0x0000000100000000)
  region size 1024K, 1 young (1024K), 1 survivors (1024K)
 Metaspace       used 93744K, committed 94848K, reserved 1179648K
  class space    used 12422K, committed 12992K, reserved 1048576K
}
Event: 3719.492 GC heap before
{Heap before GC invocations=124 (full 0):
 garbage-first heap   total 104448K, used 95858K [0x0000000082400000, 0x0000000100000000)
  region size 1024K, 58 young (59392K), 1 survivors (1024K)
 Metaspace       used 93744K, committed 94848K, reserved 1179648K
  class space    used 12422K, committed 12992K, reserved 1048576K
}
Event: 3719.494 GC heap after
{Heap after GC invocations=125 (full 0):
 garbage-first heap   total 104448K, used 37488K [0x0000000082400000, 0x0000000100000000)
  region size 1024K, 1 young (1024K), 1 survivors (1024K)
 Metaspace       used 93744K, committed 94848K, reserved 1179648K
  class space    used 12422K, committed 12992K, reserved 1048576K
}
Event: 3721.301 GC heap before
{Heap before GC invocations=125 (full 0):
 garbage-first heap   total 104448K, used 95856K [0x0000000082400000, 0x0000000100000000)
  region size 1024K, 58 young (59392K), 1 survivors (1024K)
 Metaspace       used 93744K, committed 94848K, reserved 1179648K
  class space    used 12422K, committed 12992K, reserved 1048576K
}
Event: 3721.303 GC heap after
{Heap after GC invocations=126 (full 0):
 garbage-first heap   total 104448K, used 37510K [0x0000000082400000, 0x0000000100000000)
  region size 1024K, 1 young (1024K), 1 survivors (1024K)
 Metaspace       used 93744K, committed 94848K, reserved 1179648K
  class space    used 12422K, committed 12992K, reserved 1048576K
}
Event: 3723.853 GC heap before
{Heap before GC invocations=127 (full 0):
 garbage-first heap   total 104448K, used 95878K [0x0000000082400000, 0x0000000100000000)
  region size 1024K, 58 young (59392K), 1 survivors (1024K)
 Metaspace       used 93744K, committed 94848K, reserved 1179648K
  class space    used 12422K, committed 12992K, reserved 1048576K
}
Event: 3723.856 GC heap after
{Heap after GC invocations=128 (full 0):
 garbage-first heap   total 104448K, used 37524K [0x0000000082400000, 0x0000000100000000)
  region size 1024K, 1 young (1024K), 1 survivors (1024K)
 Metaspace       used 93744K, committed 94848K, reserved 1179648K
  class space    used 12422K, committed 12992K, reserved 1048576K
}
Event: 3730.949 GC heap before
{Heap before GC invocations=128 (full 0):
 garbage-first heap   total 104448K, used 95892K [0x0000000082400000, 0x0000000100000000)
  region size 1024K, 58 young (59392K), 1 survivors (1024K)
 Metaspace       used 93785K, committed 94848K, reserved 1179648K
  class space    used 12425K, committed 12992K, reserved 1048576K
}
Event: 3730.952 GC heap after
{Heap after GC invocations=129 (full 0):
 garbage-first heap   total 104448K, used 37701K [0x0000000082400000, 0x0000000100000000)
  region size 1024K, 1 young (1024K), 1 survivors (1024K)
 Metaspace       used 93785K, committed 94848K, reserved 1179648K
  class space    used 12425K, committed 12992K, reserved 1048576K
}
Event: 3732.914 GC heap before
{Heap before GC invocations=130 (full 0):
 garbage-first heap   total 104448K, used 96069K [0x0000000082400000, 0x0000000100000000)
  region size 1024K, 58 young (59392K), 1 survivors (1024K)
 Metaspace       used 93792K, committed 94848K, reserved 1179648K
  class space    used 12425K, committed 12992K, reserved 1048576K
}
Event: 3732.916 GC heap after
{Heap after GC invocations=131 (full 0):
 garbage-first heap   total 104448K, used 37699K [0x0000000082400000, 0x0000000100000000)
  region size 1024K, 1 young (1024K), 1 survivors (1024K)
 Metaspace       used 93792K, committed 94848K, reserved 1179648K
  class space    used 12425K, committed 12992K, reserved 1048576K
}
Event: 3734.605 GC heap before
{Heap before GC invocations=131 (full 0):
 garbage-first heap   total 104448K, used 96067K [0x0000000082400000, 0x0000000100000000)
  region size 1024K, 58 young (59392K), 1 survivors (1024K)
 Metaspace       used 93799K, committed 94848K, reserved 1179648K
  class space    used 12425K, committed 12992K, reserved 1048576K
}
Event: 3734.607 GC heap after
{Heap after GC invocations=132 (full 0):
 garbage-first heap   total 104448K, used 37677K [0x0000000082400000, 0x0000000100000000)
  region size 1024K, 1 young (1024K), 1 survivors (1024K)
 Metaspace       used 93799K, committed 94848K, reserved 1179648K
  class space    used 12425K, committed 12992K, reserved 1048576K
}
Event: 3735.933 GC heap before
{Heap before GC invocations=133 (full 0):
 garbage-first heap   total 104448K, used 96045K [0x0000000082400000, 0x0000000100000000)
  region size 1024K, 58 young (59392K), 1 survivors (1024K)
 Metaspace       used 93805K, committed 94848K, reserved 1179648K
  class space    used 12425K, committed 12992K, reserved 1048576K
}
Event: 3735.936 GC heap after
{Heap after GC invocations=134 (full 0):
 garbage-first heap   total 104448K, used 37686K [0x0000000082400000, 0x0000000100000000)
  region size 1024K, 1 young (1024K), 1 survivors (1024K)
 Metaspace       used 93805K, committed 94848K, reserved 1179648K
  class space    used 12425K, committed 12992K, reserved 1048576K
}
Event: 3737.103 GC heap before
{Heap before GC invocations=134 (full 0):
 garbage-first heap   total 104448K, used 96054K [0x0000000082400000, 0x0000000100000000)
  region size 1024K, 58 young (59392K), 1 survivors (1024K)
 Metaspace       used 93810K, committed 94848K, reserved 1179648K
  class space    used 12425K, committed 12992K, reserved 1048576K
}
Event: 3737.106 GC heap after
{Heap after GC invocations=135 (full 0):
 garbage-first heap   total 104448K, used 37701K [0x0000000082400000, 0x0000000100000000)
  region size 1024K, 1 young (1024K), 1 survivors (1024K)
 Metaspace       used 93810K, committed 94848K, reserved 1179648K
  class space    used 12425K, committed 12992K, reserved 1048576K
}
Event: 3738.444 GC heap before
{Heap before GC invocations=136 (full 0):
 garbage-first heap   total 104448K, used 96069K [0x0000000082400000, 0x0000000100000000)
  region size 1024K, 58 young (59392K), 1 survivors (1024K)
 Metaspace       used 93810K, committed 94848K, reserved 1179648K
  class space    used 12425K, committed 12992K, reserved 1048576K
}
Event: 3738.447 GC heap after
{Heap after GC invocations=137 (full 0):
 garbage-first heap   total 104448K, used 37672K [0x0000000082400000, 0x0000000100000000)
  region size 1024K, 1 young (1024K), 1 survivors (1024K)
 Metaspace       used 93810K, committed 94848K, reserved 1179648K
  class space    used 12425K, committed 12992K, reserved 1048576K
}

