# JRE version: Java(TM) SE Runtime Environment (21.0.6+8) (build 21.0.6+8-LTS-188)
# Java VM: Java HotSpot(TM) 64-Bit Server VM (21.0.6+8-LTS-188, mixed mode, sharing, tiered, compressed oops, compressed class ptrs, g1 gc, windows-amd64)
GC Precious Log:
 CardTable entry size: 512
 Card Set container configuration: InlinePtr #cards 5 size 8 Array Of Cards #cards 12 size 40 Howl #buckets 4 coarsen threshold 1843 Howl Bitmap #cards 512 size 80 coarsen threshold 460 Card regions per heap region 1 cards per card region 2048
 CPUs: 8 total, 8 available
 Memory: 8042M
 Large Page Support: Disabled
 NUMA Support: Disabled
 Compressed Oops: Enabled (32-bit)
 Heap Region Size: 1M
 Heap Min Capacity: 8M
 Heap Initial Capacity: 126M
 Heap Max Capacity: 2012M
 Pre-touch: Disabled
 Parallel Workers: 8
 Concurrent Workers: 2
 Concurrent Refinement Workers: 8
 Periodic GC: Disabled
Heap:
 garbage-first heap   total 183296K, used 141516K [0x0000000082400000, 0x0000000100000000)
  region size 1024K, 45 young (46080K), 1 survivors (1024K)
 Metaspace       used 113574K, committed 114496K, reserved 1179648K
  class space    used 14652K, committed 15104K, reserved 1048576K
GC Heap History (20 events):
Event: 23832.021 GC heap before
{Heap before GC invocations=338 (full 0):
 garbage-first heap   total 183296K, used 169124K [0x0000000082400000, 0x0000000100000000)
  region size 1024K, 72 young (73728K), 1 survivors (1024K)
 Metaspace       used 113465K, committed 114368K, reserved 1179648K
  class space    used 14636K, committed 15104K, reserved 1048576K
}
Event: 23832.025 GC heap after
{Heap after GC invocations=339 (full 0):
 garbage-first heap   total 183296K, used 97426K [0x0000000082400000, 0x0000000100000000)
  region size 1024K, 1 young (1024K), 1 survivors (1024K)
 Metaspace       used 113465K, committed 114368K, reserved 1179648K
  class space    used 14636K, committed 15104K, reserved 1048576K
}
Event: 23839.163 GC heap before
{Heap before GC invocations=340 (full 0):
 garbage-first heap   total 183296K, used 170130K [0x0000000082400000, 0x0000000100000000)
  region size 1024K, 72 young (73728K), 1 survivors (1024K)
 Metaspace       used 113469K, committed 114368K, reserved 1179648K
  class space    used 14636K, committed 15104K, reserved 1048576K
}
Event: 23839.166 GC heap after
{Heap after GC invocations=341 (full 0):
 garbage-first heap   total 183296K, used 97481K [0x0000000082400000, 0x0000000100000000)
  region size 1024K, 1 young (1024K), 1 survivors (1024K)
 Metaspace       used 113469K, committed 114368K, reserved 1179648K
  class space    used 14636K, committed 15104K, reserved 1048576K
}
Event: 23842.302 GC heap before
{Heap before GC invocations=341 (full 0):
 garbage-first heap   total 183296K, used 170185K [0x0000000082400000, 0x0000000100000000)
  region size 1024K, 72 young (73728K), 1 survivors (1024K)
 Metaspace       used 113469K, committed 114368K, reserved 1179648K
  class space    used 14636K, committed 15104K, reserved 1048576K
}
Event: 23842.306 GC heap after
{Heap after GC invocations=342 (full 0):
 garbage-first heap   total 183296K, used 97483K [0x0000000082400000, 0x0000000100000000)
  region size 1024K, 1 young (1024K), 1 survivors (1024K)
 Metaspace       used 113469K, committed 114368K, reserved 1179648K
  class space    used 14636K, committed 15104K, reserved 1048576K
}
Event: 23844.827 GC heap before
{Heap before GC invocations=343 (full 0):
 garbage-first heap   total 183296K, used 170187K [0x0000000082400000, 0x0000000100000000)
  region size 1024K, 72 young (73728K), 1 survivors (1024K)
 Metaspace       used 113469K, committed 114368K, reserved 1179648K
  class space    used 14636K, committed 15104K, reserved 1048576K
}
Event: 23844.829 GC heap after
{Heap after GC invocations=344 (full 0):
 garbage-first heap   total 183296K, used 97507K [0x0000000082400000, 0x0000000100000000)
  region size 1024K, 1 young (1024K), 1 survivors (1024K)
 Metaspace       used 113469K, committed 114368K, reserved 1179648K
  class space    used 14636K, committed 15104K, reserved 1048576K
}
Event: 23846.918 GC heap before
{Heap before GC invocations=344 (full 0):
 garbage-first heap   total 183296K, used 170211K [0x0000000082400000, 0x0000000100000000)
  region size 1024K, 72 young (73728K), 1 survivors (1024K)
 Metaspace       used 113469K, committed 114368K, reserved 1179648K
  class space    used 14636K, committed 15104K, reserved 1048576K
}
Event: 23846.921 GC heap after
{Heap after GC invocations=345 (full 0):
 garbage-first heap   total 183296K, used 97498K [0x0000000082400000, 0x0000000100000000)
  region size 1024K, 1 young (1024K), 1 survivors (1024K)
 Metaspace       used 113469K, committed 114368K, reserved 1179648K
  class space    used 14636K, committed 15104K, reserved 1048576K
}
Event: 23850.500 GC heap before
{Heap before GC invocations=346 (full 0):
 garbage-first heap   total 183296K, used 170202K [0x0000000082400000, 0x0000000100000000)
  region size 1024K, 72 young (73728K), 1 survivors (1024K)
 Metaspace       used 113469K, committed 114368K, reserved 1179648K
  class space    used 14636K, committed 15104K, reserved 1048576K
}
Event: 23850.503 GC heap after
{Heap after GC invocations=347 (full 0):
 garbage-first heap   total 183296K, used 97512K [0x0000000082400000, 0x0000000100000000)
  region size 1024K, 1 young (1024K), 1 survivors (1024K)
 Metaspace       used 113469K, committed 114368K, reserved 1179648K
  class space    used 14636K, committed 15104K, reserved 1048576K
}
Event: 23852.693 GC heap before
{Heap before GC invocations=347 (full 0):
 garbage-first heap   total 183296K, used 169192K [0x0000000082400000, 0x0000000100000000)
  region size 1024K, 72 young (73728K), 1 survivors (1024K)
 Metaspace       used 113469K, committed 114368K, reserved 1179648K
  class space    used 14636K, committed 15104K, reserved 1048576K
}
Event: 23852.696 GC heap after
{Heap after GC invocations=348 (full 0):
 garbage-first heap   total 183296K, used 97514K [0x0000000082400000, 0x0000000100000000)
  region size 1024K, 1 young (1024K), 1 survivors (1024K)
 Metaspace       used 113469K, committed 114368K, reserved 1179648K
  class space    used 14636K, committed 15104K, reserved 1048576K
}
Event: 23854.647 GC heap before
{Heap before GC invocations=349 (full 0):
 garbage-first heap   total 183296K, used 170218K [0x0000000082400000, 0x0000000100000000)
  region size 1024K, 72 young (73728K), 1 survivors (1024K)
 Metaspace       used 113469K, committed 114368K, reserved 1179648K
  class space    used 14636K, committed 15104K, reserved 1048576K
}
Event: 23854.650 GC heap after
{Heap after GC invocations=350 (full 0):
 garbage-first heap   total 183296K, used 97543K [0x0000000082400000, 0x0000000100000000)
  region size 1024K, 1 young (1024K), 1 survivors (1024K)
 Metaspace       used 113469K, committed 114368K, reserved 1179648K
  class space    used 14636K, committed 15104K, reserved 1048576K
}
Event: 23855.958 GC heap before
{Heap before GC invocations=350 (full 0):
 garbage-first heap   total 183296K, used 169223K [0x0000000082400000, 0x0000000100000000)
  region size 1024K, 72 young (73728K), 1 survivors (1024K)
 Metaspace       used 113469K, committed 114368K, reserved 1179648K
  class space    used 14636K, committed 15104K, reserved 1048576K
}
Event: 23855.962 GC heap after
{Heap after GC invocations=351 (full 0):
 garbage-first heap   total 183296K, used 97546K [0x0000000082400000, 0x0000000100000000)
  region size 1024K, 1 young (1024K), 1 survivors (1024K)
 Metaspace       used 113469K, committed 114368K, reserved 1179648K
  class space    used 14636K, committed 15104K, reserved 1048576K
}
Event: 23859.106 GC heap before
{Heap before GC invocations=352 (full 0):
 garbage-first heap   total 183296K, used 170250K [0x0000000082400000, 0x0000000100000000)
  region size 1024K, 72 young (73728K), 1 survivors (1024K)
 Metaspace       used 113469K, committed 114368K, reserved 1179648K
  class space    used 14636K, committed 15104K, reserved 1048576K
}
Event: 23859.110 GC heap after
{Heap after GC invocations=353 (full 0):
 garbage-first heap   total 183296K, used 97484K [0x0000000082400000, 0x0000000100000000)
  region size 1024K, 1 young (1024K), 1 survivors (1024K)
 Metaspace       used 113469K, committed 114368K, reserved 1179648K
  class space    used 14636K, committed 15104K, reserved 1048576K
}

